<?xml version="1.0" encoding="UTF-8"?>
<!-- Generated by org.testng.reporters.JUnitReportReporter -->
<testsuite hostname="ip-192-168-1-16.eu-west-1.compute.internal" failures="0" tests="1" name="com.hepsiburada.searchTest.SearchTest" time="22.354" errors="0" timestamp="04 Nov 2019 17:36:46 GMT" skipped="0">
  <testcase classname="com.hepsiburada.searchTest.SearchTest" name="searchTest" time="22.354"/>
</testsuite> <!-- com.hepsiburada.searchTest.SearchTest -->
